<?xml version="1.0" encoding="UTF-8"?>
<!-- Generated by org.testng.reporters.JUnitReportReporter -->
<testsuite hostname="DESKTOP-GD0S75V" failures="0" tests="1" name="testcases.MyInfoPageTest" time="11.520" errors="0" timestamp="2023-01-13T20:50:31 GMT-08:00" skipped="0">
  <testcase classname="testcases.MyInfoPageTest" name="validateUserInfo" time="11.520"/>
  <system-out/>
</testsuite> <!-- testcases.MyInfoPageTest -->
