<?xml version="1.0" encoding="UTF-8"?>
<!-- Generated by org.testng.reporters.JUnitReportReporter -->
<testsuite hostname="DESKTOP-GD0S75V" failures="0" tests="1" name="testcases.LoginPageTest" time="23.301" errors="0" timestamp="2023-01-13T20:50:31 GMT-08:00" skipped="0">
  <testcase classname="testcases.LoginPageTest" name="verifyLoginTest" time="23.301"/>
  <system-out/>
</testsuite> <!-- testcases.LoginPageTest -->
