<?xml version="1.0" encoding="UTF-8"?>
<!-- Generated by org.testng.reporters.JUnitReportReporter -->
<testsuite hostname="DESKTOP-GD0S75V" failures="0" tests="2" name="testcases.SideBarTest" time="27.391" errors="0" timestamp="2023-01-13T20:50:31 GMT-08:00" skipped="0">
  <testcase classname="testcases.SideBarTest" name="checkSideBarSearchFeature" time="17.572"/>
  <system-out/>
  <testcase classname="testcases.SideBarTest" name="validateSearchList" time="9.819"/>
  <system-out/>
</testsuite> <!-- testcases.SideBarTest -->
