<?xml version="1.0" encoding="UTF-8"?>
<!-- Generated by org.testng.reporters.JUnitReportReporter -->
<testsuite hostname="DESKTOP-GD0S75V" failures="0" tests="2" name="testcases.HomePageTest" time="30.425" errors="0" timestamp="2023-01-13T20:50:31 GMT-08:00" skipped="0">
  <testcase classname="testcases.HomePageTest" name="verifyLogout" time="13.903"/>
  <system-out/>
  <testcase classname="testcases.HomePageTest" name="verifyUsername" time="16.522"/>
  <system-out/>
</testsuite> <!-- testcases.HomePageTest -->
